# JRE version: Java(TM) SE Runtime Environment (8.0_66-b18) (build 1.8.0_66-b18)
# Java VM: Java HotSpot(TM) 64-Bit Server VM (25.66-b18 mixed mode windows-amd64 compressed oops)
Heap:
 PSYoungGen      total 75264K, used 68800K [0x00000000e0000000, 0x00000000e8100000, 0x0000000100000000)
  eden space 65024K, 95% used [0x00000000e0000000,0x00000000e3c57490,0x00000000e3f80000)
  from space 10240K, 68% used [0x00000000e4a00000,0x00000000e50d8d30,0x00000000e5400000)
  to   space 10752K, 0% used [0x00000000e3f80000,0x00000000e3f80000,0x00000000e4a00000)
 ParOldGen       total 51712K, used 6753K [0x00000000a0000000, 0x00000000a3280000, 0x00000000e0000000)
  object space 51712K, 13% used [0x00000000a0000000,0x00000000a0698518,0x00000000a3280000)
 Metaspace       used 33158K, capacity 34280K, committed 34432K, reserved 1079296K
  class space    used 4604K, capacity 4907K, committed 4992K, reserved 1048576K
GC Heap History (10 events):
Event: 10.893 GC heap before
{Heap before GC invocations=5 (full 0):
 PSYoungGen      total 37888K, used 37863K [0x00000000e0000000, 0x00000000e2a00000, 0x0000000100000000)
  eden space 32768K, 100% used [0x00000000e0000000,0x00000000e2000000,0x00000000e2000000)
  from space 5120K, 99% used [0x00000000e2500000,0x00000000e29f9d30,0x00000000e2a00000)
  to   space 5120K, 0% used [0x00000000e2000000,0x00000000e2000000,0x00000000e2500000)
 ParOldGen       total 86016K, used 3488K [0x00000000a0000000, 0x00000000a5400000, 0x00000000e0000000)
  object space 86016K, 4% used [0x00000000a0000000,0x00000000a0368290,0x00000000a5400000)
 Metaspace       used 17745K, capacity 18360K, committed 18688K, reserved 1064960K
  class space    used 2498K, capacity 2698K, committed 2816K, reserved 1048576K
Event: 10.943 GC heap after
Heap after GC invocations=5 (full 0):
 PSYoungGen      total 37888K, used 5088K [0x00000000e0000000, 0x00000000e5400000, 0x0000000100000000)
  eden space 32768K, 0% used [0x00000000e0000000,0x00000000e0000000,0x00000000e2000000)
  from space 5120K, 99% used [0x00000000e2000000,0x00000000e24f8040,0x00000000e2500000)
  to   space 10240K, 0% used [0x00000000e4a00000,0x00000000e4a00000,0x00000000e5400000)
 ParOldGen       total 86016K, used 6605K [0x00000000a0000000, 0x00000000a5400000, 0x00000000e0000000)
  object space 86016K, 7% used [0x00000000a0000000,0x00000000a0673518,0x00000000a5400000)
 Metaspace       used 17745K, capacity 18360K, committed 18688K, reserved 1064960K
  class space    used 2498K, capacity 2698K, committed 2816K, reserved 1048576K
}
Event: 12.210 GC heap before
{Heap before GC invocations=6 (full 0):
 PSYoungGen      total 37888K, used 37856K [0x00000000e0000000, 0x00000000e5400000, 0x0000000100000000)
  eden space 32768K, 100% used [0x00000000e0000000,0x00000000e2000000,0x00000000e2000000)
  from space 5120K, 99% used [0x00000000e2000000,0x00000000e24f8040,0x00000000e2500000)
  to   space 10240K, 0% used [0x00000000e4a00000,0x00000000e4a00000,0x00000000e5400000)
 ParOldGen       total 86016K, used 6605K [0x00000000a0000000, 0x00000000a5400000, 0x00000000e0000000)
  object space 86016K, 7% used [0x00000000a0000000,0x00000000a0673518,0x00000000a5400000)
 Metaspace       used 20514K, capacity 21226K, committed 21296K, reserved 1067008K
  class space    used 2935K, capacity 3140K, committed 3200K, reserved 1048576K
Event: 12.230 GC heap after
Heap after GC invocations=6 (full 0):
 PSYoungGen      total 75264K, used 8463K [0x00000000e0000000, 0x00000000e5500000, 0x0000000100000000)
  eden space 65024K, 0% used [0x00000000e0000000,0x00000000e0000000,0x00000000e3f80000)
  from space 10240K, 82% used [0x00000000e4a00000,0x00000000e5243ff0,0x00000000e5400000)
  to   space 10752K, 0% used [0x00000000e3f80000,0x00000000e3f80000,0x00000000e4a00000)
 ParOldGen       total 86016K, used 6613K [0x00000000a0000000, 0x00000000a5400000, 0x00000000e0000000)
  object space 86016K, 7% used [0x00000000a0000000,0x00000000a0675518,0x00000000a5400000)
 Metaspace       used 20514K, capacity 21226K, committed 21296K, reserved 1067008K
  class space    used 2935K, capacity 3140K, committed 3200K, reserved 1048576K
}
Event: 12.428 GC heap before
{Heap before GC invocations=7 (full 0):
 PSYoungGen      total 75264K, used 9748K [0x00000000e0000000, 0x00000000e5500000, 0x0000000100000000)
  eden space 65024K, 1% used [0x00000000e0000000,0x00000000e0141018,0x00000000e3f80000)
  from space 10240K, 82% used [0x00000000e4a00000,0x00000000e5243ff0,0x00000000e5400000)
  to   space 10752K, 0% used [0x00000000e3f80000,0x00000000e3f80000,0x00000000e4a00000)
 ParOldGen       total 86016K, used 6613K [0x00000000a0000000, 0x00000000a5400000, 0x00000000e0000000)
  object space 86016K, 7% used [0x00000000a0000000,0x00000000a0675518,0x00000000a5400000)
 Metaspace       used 20524K, capacity 21230K, committed 21296K, reserved 1067008K
  class space    used 2935K, capacity 3140K, committed 3200K, reserved 1048576K
Event: 12.445 GC heap after
Heap after GC invocations=7 (full 0):
 PSYoungGen      total 75776K, used 3812K [0x00000000e0000000, 0x00000000e5500000, 0x0000000100000000)
  eden space 65024K, 0% used [0x00000000e0000000,0x00000000e0000000,0x00000000e3f80000)
  from space 10752K, 35% used [0x00000000e3f80000,0x00000000e4339050,0x00000000e4a00000)
  to   space 10240K, 0% used [0x00000000e4a00000,0x00000000e4a00000,0x00000000e5400000)
 ParOldGen       total 86016K, used 8877K [0x00000000a0000000, 0x00000000a5400000, 0x00000000e0000000)
  object space 86016K, 10% used [0x00000000a0000000,0x00000000a08ab588,0x00000000a5400000)
 Metaspace       used 20524K, capacity 21230K, committed 21296K, reserved 1067008K
  class space    used 2935K, capacity 3140K, committed 3200K, reserved 1048576K
}
Event: 12.446 GC heap before
{Heap before GC invocations=8 (full 1):
 PSYoungGen      total 75776K, used 3812K [0x00000000e0000000, 0x00000000e5500000, 0x0000000100000000)
  eden space 65024K, 0% used [0x00000000e0000000,0x00000000e0000000,0x00000000e3f80000)
  from space 10752K, 35% used [0x00000000e3f80000,0x00000000e4339050,0x00000000e4a00000)
  to   space 10240K, 0% used [0x00000000e4a00000,0x00000000e4a00000,0x00000000e5400000)
 ParOldGen       total 86016K, used 8877K [0x00000000a0000000, 0x00000000a5400000, 0x00000000e0000000)
  object space 86016K, 10% used [0x00000000a0000000,0x00000000a08ab588,0x00000000a5400000)
 Metaspace       used 20524K, capacity 21230K, committed 21296K, reserved 1067008K
  class space    used 2935K, capacity 3140K, committed 3200K, reserved 1048576K
Event: 12.599 GC heap after
Heap after GC invocations=8 (full 1):
 PSYoungGen      total 75776K, used 0K [0x00000000e0000000, 0x00000000e5500000, 0x0000000100000000)
  eden space 65024K, 0% used [0x00000000e0000000,0x00000000e0000000,0x00000000e3f80000)
  from space 10752K, 0% used [0x00000000e3f80000,0x00000000e3f80000,0x00000000e4a00000)
  to   space 10240K, 0% used [0x00000000e4a00000,0x00000000e4a00000,0x00000000e5400000)
 ParOldGen       total 51712K, used 6745K [0x00000000a0000000, 0x00000000a3280000, 0x00000000e0000000)
  object space 51712K, 13% used [0x00000000a0000000,0x00000000a0696518,0x00000000a3280000)
 Metaspace       used 20524K, capacity 21230K, committed 21296K, reserved 1067008K
  class space    used 2935K, capacity 3140K, committed 3200K, reserved 1048576K
}
Event: 15.774 GC heap before
{Heap before GC invocations=9 (full 1):
 PSYoungGen      total 75776K, used 65024K [0x00000000e0000000, 0x00000000e5500000, 0x0000000100000000)
  eden space 65024K, 100% used [0x00000000e0000000,0x00000000e3f80000,0x00000000e3f80000)
  from space 10752K, 0% used [0x00000000e3f80000,0x00000000e3f80000,0x00000000e4a00000)
  to   space 10240K, 0% used [0x00000000e4a00000,0x00000000e4a00000,0x00000000e5400000)
 ParOldGen       total 51712K, used 6745K [0x00000000a0000000, 0x00000000a3280000, 0x00000000e0000000)
  object space 51712K, 13% used [0x00000000a0000000,0x00000000a0696518,0x00000000a3280000)
 Metaspace       used 26438K, capacity 27436K, committed 27648K, reserved 1073152K
  class space    used 3824K, capacity 4077K, committed 4096K, reserved 1048576K
Event: 15.783 GC heap after
Heap after GC invocations=9 (full 1):
 PSYoungGen      total 75264K, used 7011K [0x00000000e0000000, 0x00000000e8100000, 0x0000000100000000)
  eden space 65024K, 0% used [0x00000000e0000000,0x00000000e0000000,0x00000000e3f80000)
  from space 10240K, 68% used [0x00000000e4a00000,0x00000000e50d8d30,0x00000000e5400000)
  to   space 10752K, 0% used [0x00000000e3f80000,0x00000000e3f80000,0x00000000e4a00000)
 ParOldGen       total 51712K, used 6753K [0x00000000a0000000, 0x00000000a3280000, 0x00000000e0000000)
  object space 51712K, 13% used [0x00000000a0000000,0x00000000a0698518,0x00000000a3280000)
 Metaspace       used 26438K, capacity 27436K, committed 27648K, reserved 1073152K
  class space    used 3824K, capacity 4077K, committed 4096K, reserved 1048576K
}

